./SENet/ddt_40_8rounds.bin
./SENet/ddt_40_9rounds.bin
./SENet/ND_VD_Simon32_9R.h5
./SENet/ND_VV_Simon32_10R.h5


AD:
ACC 0.568371    TPR 0.469102    TNR 0.667631    MSE 0.242121

DD:
ACC 0.568371    TPR 0.469102    TNR 0.667631    MSE 0.242121

VD:
ACC 0.565628    TPR 0.474260    TNR 0.656987    MSE 0.242872

VV:
ACC 0.560986    TPR 0.475792    TNR 0.646171    MSE 0.244186

./SENet/ddt_40_8rounds.bin
./SENet/ddt_40_9rounds.bin
./SENet/ND_VD_Simon32_9R.h5
./SENet/ND_VV_Simon32_10R.h5


AD:
ACC 0.568256    TPR 0.469172    TNR 0.667312    MSE 0.242142

DD:
ACC 0.568256    TPR 0.469172    TNR 0.667312    MSE 0.242142

VD:
ACC 0.565675    TPR 0.474753    TNR 0.656571    MSE 0.242878

VV:
ACC 0.560956    TPR 0.475997    TNR 0.645891    MSE 0.244201

