./SENet/ddt_40_9rounds.bin
./SENet/ND_VD_Simon32_9R.h5
./SENet/ND_VV_Simon32_10R.h5


DD:
ACC 0.568504    TPR 0.469381    TNR 0.667516    MSE 0.242110

VD:
ACC 0.565756    TPR 0.474874    TNR 0.656536    MSE 0.242850

VV:
ACC 0.561078    TPR 0.476296    TNR 0.645766    MSE 0.244184

Combiner:
ACC 0.568484    TPR 0.470190    TNR 0.666668    MSE 0.242110

./SENet/ddt_40_9rounds.bin
./SENet/ND_VD_Simon32_9R.h5
./SENet/ND_VV_Simon32_10R.h5


DD:
ACC 0.568448    TPR 0.469224    TNR 0.667779    MSE 0.242107

VD:
ACC 0.565797    TPR 0.474914    TNR 0.656777    MSE 0.242850

VV:
ACC 0.561116    TPR 0.475962    TNR 0.646362    MSE 0.244170

Combiner:
ACC 0.568451    TPR 0.468401    TNR 0.668608    MSE 0.242107

./SENet/ddt_40_9rounds.bin
./SENet/ND_VD_Simon32_9R.h5
./SENet/ND_VV_Simon32_10R.h5


DD:
ACC 0.568381    TPR 0.469343    TNR 0.667540    MSE 0.242106

VD:
ACC 0.565778    TPR 0.474932    TNR 0.656736    MSE 0.242839

VV:
ACC 0.561054    TPR 0.476063    TNR 0.646149    MSE 0.244178

len(Z_eq_x):  7172099
len(Z_ne_x):  1216509
Combiner:
ACC 0.568379    TPR 0.468317    TNR 0.668563    MSE 0.242106

