./SENet/ddt_40_7rounds.bin
./SENet/ddt_40_8rounds.bin
./SENet/ND_VD_Simon32_8R.h5
./SENet/ND_VV_Simon32_9R.h5


AD:
ACC 0.662848    TPR 0.578094    TNR 0.747685    MSE 0.208556

DD:
ACC 0.662848    TPR 0.578094    TNR 0.747685    MSE 0.208556

VD:
ACC 0.658608    TPR 0.558544    TNR 0.758770    MSE 0.210519

VV:
ACC 0.651296    TPR 0.533268    TNR 0.769440    MSE 0.213774

./SENet/ddt_40_7rounds.bin
./SENet/ddt_40_8rounds.bin
./SENet/ND_VD_Simon32_8R.h5
./SENet/ND_VV_Simon32_9R.h5


AD:
ACC 0.662928    TPR 0.578245    TNR 0.747579    MSE 0.208575

DD:
ACC 0.662928    TPR 0.578245    TNR 0.747579    MSE 0.208575

VD:
ACC 0.658787    TPR 0.558818    TNR 0.758721    MSE 0.210528

VV:
ACC 0.651495    TPR 0.533528    TNR 0.769418    MSE 0.213785

