./SENet/ddt_40_8rounds.bin
./SENet/ND_VD_Simon32_8R.h5
./SENet/ND_VV_Simon32_9R.h5


DD:
ACC 0.662832    TPR 0.578088    TNR 0.747619    MSE 0.208572

VD:
ACC 0.658640    TPR 0.558516    TNR 0.758815    MSE 0.210525

VV:
ACC 0.651518    TPR 0.533492    TNR 0.769605    MSE 0.213785

Combiner:
ACC 0.662842    TPR 0.578266    TNR 0.747461    MSE 0.208572

./SENet/ddt_40_8rounds.bin
./SENet/ND_VD_Simon32_8R.h5
./SENet/ND_VV_Simon32_9R.h5


DD:
ACC 0.662797    TPR 0.577885    TNR 0.747746    MSE 0.208577

VD:
ACC 0.658588    TPR 0.558376    TNR 0.758842    MSE 0.210531

VV:
ACC 0.651414    TPR 0.533150    TNR 0.769729    MSE 0.213780

len(Z_eq_x):  7311803
len(Z_ne_x):  1076805
Combiner:
ACC 0.662801    TPR 0.577854    TNR 0.747784    MSE 0.208577

